<?xml version="1.0" encoding="UTF-8"?>
<testng-results skipped="0" failed="0" total="1" passed="1">
  <reporter-output>
  </reporter-output>
  <suite name="Default suite" duration-ms="45196" started-at="2019-03-11T13:18:40Z" finished-at="2019-03-11T13:19:26Z">
    <groups>
    </groups>
    <test name="Default test" duration-ms="45196" started-at="2019-03-11T13:18:40Z" finished-at="2019-03-11T13:19:26Z">
      <class name="com.qa.CRMPageTest.HomePageTest">
        <test-method status="PASS" signature="setup()" name="setup" is-config="true" duration-ms="41916" started-at="2019-03-11T13:18:40Z" finished-at="2019-03-11T13:19:22Z">
        </test-method>
        <test-method status="PASS" signature="ContactsLinkTest()" name="ContactsLinkTest" duration-ms="2385" started-at="2019-03-11T13:19:22Z" finished-at="2019-03-11T13:19:25Z">
        </test-method>
        <test-method status="PASS" signature="teardown()" name="teardown" is-config="true" duration-ms="862" started-at="2019-03-11T13:19:25Z" finished-at="2019-03-11T13:19:26Z">
        </test-method>
      </class>
    </test>
  </suite>
</testng-results>
