<?xml version="1.0" encoding="UTF-8"?>
<testng-results skipped="0" failed="0" total="1" passed="1">
  <reporter-output>
  </reporter-output>
  <suite name="Default suite" duration-ms="49760" started-at="2019-03-13T13:58:31Z" finished-at="2019-03-13T13:59:21Z">
    <groups>
    </groups>
    <test name="Default test" duration-ms="49760" started-at="2019-03-13T13:58:31Z" finished-at="2019-03-13T13:59:21Z">
      <class name="com.qa.CRMPageTest.ContactPageTest">
        <test-method status="PASS" signature="setup()" name="setup" is-config="true" duration-ms="28506" started-at="2019-03-13T13:58:31Z" finished-at="2019-03-13T13:59:00Z">
        </test-method>
        <test-method status="PASS" signature="CreateNewContatTest()" name="CreateNewContatTest" duration-ms="20307" started-at="2019-03-13T13:59:00Z" finished-at="2019-03-13T13:59:20Z">
        </test-method>
        <test-method status="PASS" signature="teardown()" name="teardown" is-config="true" duration-ms="902" started-at="2019-03-13T13:59:20Z" finished-at="2019-03-13T13:59:21Z">
        </test-method>
      </class>
    </test>
  </suite>
</testng-results>
