<?xml version="1.0" encoding="UTF-8"?>
<testng-results skipped="0" failed="0" total="1" passed="1">
  <reporter-output>
  </reporter-output>
  <suite name="Default suite" duration-ms="22976" started-at="2019-03-09T13:22:00Z" finished-at="2019-03-09T13:22:23Z">
    <groups>
    </groups>
    <test name="Default test" duration-ms="22976" started-at="2019-03-09T13:22:00Z" finished-at="2019-03-09T13:22:23Z">
      <class name="com.qa.CRMPageTest.HomePageTest">
        <test-method status="PASS" signature="setup()" name="setup" is-config="true" duration-ms="20543" started-at="2019-03-09T13:22:00Z" finished-at="2019-03-09T13:22:21Z">
        </test-method>
        <test-method status="PASS" signature="CalendarlinkTest()" name="CalendarlinkTest" duration-ms="1644" started-at="2019-03-09T13:22:21Z" finished-at="2019-03-09T13:22:23Z">
        </test-method>
        <test-method status="PASS" signature="teardown()" name="teardown" is-config="true" duration-ms="757" started-at="2019-03-09T13:22:23Z" finished-at="2019-03-09T13:22:23Z">
        </test-method>
      </class>
    </test>
  </suite>
</testng-results>
